<?xml version="1.0" encoding="UTF-8"?>
<!-- Generated by org.testng.reporters.JUnitReportReporter -->
<testsuite hostname="DESKTOP-6K3U49I" failures="0" tests="1" name="com.itlearn.testcases.TestCaseDemo" time="0.012" errors="0" timestamp="2025-03-13T22:46:40 IST" skipped="0">
  <testcase classname="com.itlearn.testcases.TestCaseDemo" name="testcheck" time="0.012"/>
</testsuite> <!-- com.itlearn.testcases.TestCaseDemo -->
