<?xml version="1.0" encoding="UTF-8"?>
<!-- Generated by org.testng.reporters.JUnitReportReporter -->
<testsuite hostname="DESKTOP-6K3U49I" failures="0" tests="1" name="com.itlearn.testcases.DashBoardTestCase" time="16.709" errors="0" timestamp="2025-03-15T14:50:12 IST" skipped="0">
  <testcase classname="com.itlearn.testcases.DashBoardTestCase" name="testCourses" time="16.709"/>
</testsuite> <!-- com.itlearn.testcases.DashBoardTestCase -->
