<?xml version="1.0" encoding="UTF-8"?>
<!-- Generated by org.testng.reporters.JUnitReportReporter -->
<testsuite hostname="DESKTOP-6K3U49I" failures="0" tests="1" name="com.itlearn.testcases.SearchTestCase" time="5.233" errors="0" timestamp="2025-03-15T14:18:38 IST" skipped="0">
  <testcase classname="com.itlearn.testcases.SearchTestCase" name="searchCourseTesr" time="5.233"/>
</testsuite> <!-- com.itlearn.testcases.SearchTestCase -->
