<?xml version="1.0" encoding="UTF-8"?>
<!-- Generated by org.testng.reporters.JUnitReportReporter -->
<testsuite hostname="DESKTOP-6K3U49I" failures="0" tests="1" name="com.itlearn.testcases.LoginTest" time="0.672" errors="0" timestamp="2025-03-13T23:07:33 IST" skipped="0">
  <testcase classname="com.itlearn.testcases.LoginTest" name="verifyLogin" time="0.672"/>
</testsuite> <!-- com.itlearn.testcases.LoginTest -->
