<?xml version="1.0" encoding="UTF-8"?>
<!-- Generated by org.testng.reporters.JUnitReportReporter -->
<testsuite hostname="DESKTOP-6K3U49I" failures="0" tests="1" name="com.itlearn.testcases.PaymentTestCase" time="24.412" errors="0" timestamp="2025-03-15T19:39:01 IST" skipped="0">
  <testcase classname="com.itlearn.testcases.PaymentTestCase" name="testCourses" time="24.412"/>
</testsuite> <!-- com.itlearn.testcases.PaymentTestCase -->
